configure.local: no (fully automatic configuration)

dirent-namlen: testing...
cc -g -W -Wall -Wstrict-prototypes -Wno-unused-parameter -Wwrite-strings -Wno-unused -Werror  -o test-dirent-namlen test-dirent-namlen.c
test-dirent-namlen.c: In function ‘main’:
test-dirent-namlen.c:9: error: ‘struct dirent’ has no member named ‘d_namlen’
cc1: warnings being treated as errors
test-dirent-namlen.c:10: error: control reaches end of non-void function
dirent-namlen: cc failed with 1

err: testing...
cc -g -W -Wall -Wstrict-prototypes -Wno-unused-parameter -Wwrite-strings -Wno-unused -Werror  -o test-err test-err.c
err: cc succeeded
test-err: 1. warnx
test-err: 2. warn: Success
test-err: 3. err: Success
err: yes

fts: testing...
cc -g -W -Wall -Wstrict-prototypes -Wno-unused-parameter -Wwrite-strings -Wno-unused -Werror  -o test-fts test-fts.c
fts: cc succeeded
fts: yes

getline: testing...
cc -g -W -Wall -Wstrict-prototypes -Wno-unused-parameter -Wwrite-strings -Wno-unused -Werror  -o test-getline test-getline.c
getline: cc succeeded
getline: yes

getsubopt: testing...
cc -g -W -Wall -Wstrict-prototypes -Wno-unused-parameter -Wwrite-strings -Wno-unused -Werror  -o test-getsubopt test-getsubopt.c
getsubopt: cc succeeded
getsubopt: yes

isblank: testing...
cc -g -W -Wall -Wstrict-prototypes -Wno-unused-parameter -Wwrite-strings -Wno-unused -Werror  -o test-isblank test-isblank.c
isblank: cc succeeded
isblank: yes

mkdtemp: testing...
cc -g -W -Wall -Wstrict-prototypes -Wno-unused-parameter -Wwrite-strings -Wno-unused -Werror  -o test-mkdtemp test-mkdtemp.c
mkdtemp: cc succeeded
mkdtemp: yes

mmap: testing...
cc -g -W -Wall -Wstrict-prototypes -Wno-unused-parameter -Wwrite-strings -Wno-unused -Werror  -o test-mmap test-mmap.c
mmap: cc succeeded
mmap: yes

pledge: testing...
cc -g -W -Wall -Wstrict-prototypes -Wno-unused-parameter -Wwrite-strings -Wno-unused -Werror  -o test-pledge test-pledge.c
cc1: warnings being treated as errors
test-pledge.c: In function ‘main’:
test-pledge.c:6: error: implicit declaration of function ‘pledge’
pledge: cc failed with 1

sandbox_init: testing...
cc -g -W -Wall -Wstrict-prototypes -Wno-unused-parameter -Wwrite-strings -Wno-unused -Werror  -o test-sandbox_init test-sandbox_init.c
test-sandbox_init.c:1:21: error: sandbox.h: No such file or directory
cc1: warnings being treated as errors
test-sandbox_init.c: In function ‘main’:
test-sandbox_init.c:9: error: implicit declaration of function ‘sandbox_init’
test-sandbox_init.c:9: error: ‘kSBXProfileNoInternet’ undeclared (first use in this function)
test-sandbox_init.c:9: error: (Each undeclared identifier is reported only once
test-sandbox_init.c:9: error: for each function it appears in.)
test-sandbox_init.c:9: error: ‘SANDBOX_NAMED’ undeclared (first use in this function)
test-sandbox_init.c:11: error: implicit declaration of function ‘sandbox_free_error’
sandbox_init: cc failed with 1

progname: testing...
cc -g -W -Wall -Wstrict-prototypes -Wno-unused-parameter -Wwrite-strings -Wno-unused -Werror  -o test-progname test-progname.c
cc1: warnings being treated as errors
test-progname.c: In function ‘main’:
test-progname.c:8: error: implicit declaration of function ‘getprogname’
test-progname.c:8: error: assignment makes pointer from integer without a cast
progname: cc failed with 1

reallocarray: testing...
cc -g -W -Wall -Wstrict-prototypes -Wno-unused-parameter -Wwrite-strings -Wno-unused -Werror  -o test-reallocarray test-reallocarray.c
cc1: warnings being treated as errors
test-reallocarray.c: In function ‘main’:
test-reallocarray.c:6: error: implicit declaration of function ‘reallocarray’
reallocarray: cc failed with 1

rewb-bsd: testing...
cc -g -W -Wall -Wstrict-prototypes -Wno-unused-parameter -Wwrite-strings -Wno-unused -Werror  -o test-rewb-bsd test-rewb-bsd.c
rewb-bsd: cc succeeded
rewb-bsd: execution failed with 1

rewb-sysv: testing...
cc -g -W -Wall -Wstrict-prototypes -Wno-unused-parameter -Wwrite-strings -Wno-unused -Werror  -o test-rewb-sysv test-rewb-sysv.c
rewb-sysv: cc succeeded
rewb-sysv: yes

strcasestr: testing...
cc -g -W -Wall -Wstrict-prototypes -Wno-unused-parameter -Wwrite-strings -Wno-unused -Werror  -o test-strcasestr test-strcasestr.c
strcasestr: cc succeeded
strcasestr: yes

stringlist: testing...
cc -g -W -Wall -Wstrict-prototypes -Wno-unused-parameter -Wwrite-strings -Wno-unused -Werror  -o test-stringlist test-stringlist.c
test-stringlist.c:18:24: error: stringlist.h: No such file or directory
test-stringlist.c: In function ‘main’:
test-stringlist.c:23: error: ‘StringList’ undeclared (first use in this function)
test-stringlist.c:23: error: (Each undeclared identifier is reported only once
test-stringlist.c:23: error: for each function it appears in.)
test-stringlist.c:23: error: ‘sl’ undeclared (first use in this function)
cc1: warnings being treated as errors
test-stringlist.c:26: error: implicit declaration of function ‘sl_init’
test-stringlist.c:26: error: ‘NULL’ undeclared (first use in this function)
test-stringlist.c:28: error: implicit declaration of function ‘sl_add’
test-stringlist.c:35: error: implicit declaration of function ‘sl_free’
stringlist: cc failed with 1

strlcat: testing...
cc -g -W -Wall -Wstrict-prototypes -Wno-unused-parameter -Wwrite-strings -Wno-unused -Werror  -o test-strlcat test-strlcat.c
cc1: warnings being treated as errors
test-strlcat.c: In function ‘main’:
test-strlcat.c:7: error: implicit declaration of function ‘strlcat’
strlcat: cc failed with 1

strlcpy: testing...
cc -g -W -Wall -Wstrict-prototypes -Wno-unused-parameter -Wwrite-strings -Wno-unused -Werror  -o test-strlcpy test-strlcpy.c
cc1: warnings being treated as errors
test-strlcpy.c: In function ‘main’:
test-strlcpy.c:7: error: implicit declaration of function ‘strlcpy’
strlcpy: cc failed with 1

strptime: testing...
cc -g -W -Wall -Wstrict-prototypes -Wno-unused-parameter -Wwrite-strings -Wno-unused -Werror  -o test-strptime test-strptime.c
strptime: cc succeeded
strptime: yes

strsep: testing...
cc -g -W -Wall -Wstrict-prototypes -Wno-unused-parameter -Wwrite-strings -Wno-unused -Werror  -o test-strsep test-strsep.c
strsep: cc succeeded
strsep: yes

strtonum: testing...
cc -g -W -Wall -Wstrict-prototypes -Wno-unused-parameter -Wwrite-strings -Wno-unused -Werror  -o test-strtonum test-strtonum.c
cc1: warnings being treated as errors
test-strtonum.c: In function ‘main’:
test-strtonum.c:25: error: implicit declaration of function ‘strtonum’
strtonum: cc failed with 1

vasprintf: testing...
cc -g -W -Wall -Wstrict-prototypes -Wno-unused-parameter -Wwrite-strings -Wno-unused -Werror  -o test-vasprintf test-vasprintf.c
vasprintf: cc succeeded
vasprintf: yes

wchar: testing...
cc -g -W -Wall -Wstrict-prototypes -Wno-unused-parameter -Wwrite-strings -Wno-unused -Werror  -o test-wchar test-wchar.c
wchar: cc succeeded
*wchar: yes

sqlite3: testing...
cc -g -W -Wall -Wstrict-prototypes -Wno-unused-parameter -Wwrite-strings -Wno-unused -Werror -lsqlite3 -o test-sqlite3 test-sqlite3.c
test-sqlite3.c:20:21: error: sqlite3.h: No such file or directory
test-sqlite3.c: In function ‘main’:
test-sqlite3.c:25: error: ‘sqlite3’ undeclared (first use in this function)
test-sqlite3.c:25: error: (Each undeclared identifier is reported only once
test-sqlite3.c:25: error: for each function it appears in.)
test-sqlite3.c:25: error: ‘db’ undeclared (first use in this function)
cc1: warnings being treated as errors
test-sqlite3.c:27: error: implicit declaration of function ‘sqlite3_open_v2’
test-sqlite3.c:28: error: ‘SQLITE_OPEN_READWRITE’ undeclared (first use in this function)
test-sqlite3.c:28: error: ‘SQLITE_OPEN_CREATE’ undeclared (first use in this function)
test-sqlite3.c:29: error: ‘SQLITE_OK’ undeclared (first use in this function)
test-sqlite3.c:31: error: implicit declaration of function ‘sqlite3_errmsg’
test-sqlite3.c:31: error: format ‘%s’ expects type ‘char *’, but argument 3 has type ‘int’
test-sqlite3.c:36: error: implicit declaration of function ‘sqlite3_exec’
test-sqlite3.c:38: error: format ‘%s’ expects type ‘char *’, but argument 3 has type ‘int’
test-sqlite3.c:42: error: implicit declaration of function ‘sqlite3_close’
test-sqlite3.c:43: error: format ‘%s’ expects type ‘char *’, but argument 3 has type ‘int’
sqlite3: cc failed with 1

sqlite3: testing...
cc -g -W -Wall -Wstrict-prototypes -Wno-unused-parameter -Wwrite-strings -Wno-unused -Werror -I/usr/local/include -L/usr/local/lib -lsqlite3 -o test-sqlite3 test-sqlite3.c
test-sqlite3.c:20:21: error: sqlite3.h: No such file or directory
test-sqlite3.c: In function ‘main’:
test-sqlite3.c:25: error: ‘sqlite3’ undeclared (first use in this function)
test-sqlite3.c:25: error: (Each undeclared identifier is reported only once
test-sqlite3.c:25: error: for each function it appears in.)
test-sqlite3.c:25: error: ‘db’ undeclared (first use in this function)
cc1: warnings being treated as errors
test-sqlite3.c:27: error: implicit declaration of function ‘sqlite3_open_v2’
test-sqlite3.c:28: error: ‘SQLITE_OPEN_READWRITE’ undeclared (first use in this function)
test-sqlite3.c:28: error: ‘SQLITE_OPEN_CREATE’ undeclared (first use in this function)
test-sqlite3.c:29: error: ‘SQLITE_OK’ undeclared (first use in this function)
test-sqlite3.c:31: error: implicit declaration of function ‘sqlite3_errmsg’
test-sqlite3.c:31: error: format ‘%s’ expects type ‘char *’, but argument 3 has type ‘int’
test-sqlite3.c:36: error: implicit declaration of function ‘sqlite3_exec’
test-sqlite3.c:38: error: format ‘%s’ expects type ‘char *’, but argument 3 has type ‘int’
test-sqlite3.c:42: error: implicit declaration of function ‘sqlite3_close’
test-sqlite3.c:43: error: format ‘%s’ expects type ‘char *’, but argument 3 has type ‘int’
sqlite3: cc failed with 1

BUILD_DB=0 (no sqlite3)

ohash: testing...
cc -g -W -Wall -Wstrict-prototypes -Wno-unused-parameter -Wwrite-strings -Wno-unused -Werror  -o test-ohash test-ohash.c
test-ohash.c:4:19: error: ohash.h: No such file or directory
test-ohash.c: In function ‘main’:
test-ohash.c:13: error: storage size of ‘h’ isn’t known
test-ohash.c:14: error: storage size of ‘i’ isn’t known
cc1: warnings being treated as errors
test-ohash.c:18: error: implicit declaration of function ‘ohash_init’
test-ohash.c:19: error: implicit declaration of function ‘ohash_delete’
ohash: cc failed with 1

ohash: testing...
cc -g -W -Wall -Wstrict-prototypes -Wno-unused-parameter -Wwrite-strings -Wno-unused -Werror -lutil -o test-ohash test-ohash.c
test-ohash.c:4:19: error: ohash.h: No such file or directory
test-ohash.c: In function ‘main’:
test-ohash.c:13: error: storage size of ‘h’ isn’t known
test-ohash.c:14: error: storage size of ‘i’ isn’t known
cc1: warnings being treated as errors
test-ohash.c:18: error: implicit declaration of function ‘ohash_init’
test-ohash.c:19: error: implicit declaration of function ‘ohash_delete’
ohash: cc failed with 1

LDADD="   -lz"

manpath: warning: $MANPATH set, ignoring /etc/manpath.config
/usr/local/man:/usr/local/share/man:/usr/share/man
manpath: yes

config.h: written
Makefile.local: written
