<!DOCTYPE HTML PUBLIC "-//W3C//DTD HTML 4.01 Transitional//EN" "http://www.w3.org/TR/html4/loose.dtd">
<html>
<head>
<title>Log4J Log Messages</title>
<style type="text/css">
<!--
body, table {font-family: arial,sans-serif; font-size: x-small;}
th {background: #336699; color: #FFFFFF; text-align: left;}
-->
</style>
</head>
<body bgcolor="#FFFFFF" topmargin="6" leftmargin="6">
<hr size="1" noshade>
Log session start time Tue Jul 28 11:20:55 CST 2015<br>
<br>
<table cellspacing="0" cellpadding="4" border="1" bordercolor="#224466" width="100%">
<tr>
<th>Time</th>
<th>Thread</th>
<th>Level</th>
<th>Category</th>
<th>Message</th>
</tr>

<tr>
<td>0</td>
<td title="pool-1-thread-1 thread">pool-1-thread-1</td>
<td title="Level">INFO</td>
<td title="com.sequoiadb.tasks.ReadSdb category">com.sequoiadb.tasks.ReadSdb</td>
<td title="Message">dbType=db2 url=jdbc:db2://192.168.30.223:50110/sequoia user=db2inst1 sqlselect * from (select s.*,rownumber() over() as rn from (select * from sedb10) as s ) as s1 where s1.rn between 0 and 10</td>
</tr>

<tr>
<td>6781</td>
<td title="pool-1-thread-1 thread">pool-1-thread-1</td>
<td title="Level">INFO</td>
<td title="com.sequoiadb.tasks.ReadSdb category">com.sequoiadb.tasks.ReadSdb</td>
<td title="Message">costTime6781</td>
</tr>
<!DOCTYPE HTML PUBLIC "-//W3C//DTD HTML 4.01 Transitional//EN" "http://www.w3.org/TR/html4/loose.dtd">
<html>
<head>
<title>Log4J Log Messages</title>
<style type="text/css">
<!--
body, table {font-family: arial,sans-serif; font-size: x-small;}
th {background: #336699; color: #FFFFFF; text-align: left;}
-->
</style>
</head>
<body bgcolor="#FFFFFF" topmargin="6" leftmargin="6">
<hr size="1" noshade>
Log session start time Tue Jul 28 11:26:28 CST 2015<br>
<br>
<table cellspacing="0" cellpadding="4" border="1" bordercolor="#224466" width="100%">
<tr>
<th>Time</th>
<th>Thread</th>
<th>Level</th>
<th>Category</th>
<th>Message</th>
</tr>

<tr>
<td>0</td>
<td title="pool-1-thread-1 thread">pool-1-thread-1</td>
<td title="Level">INFO</td>
<td title="com.sequoiadb.tasks.ReadSdb category">com.sequoiadb.tasks.ReadSdb</td>
<td title="Message">dbType=db2 url=jdbc:db2://192.168.30.223:50110/sequoia user=db2inst1 sqlselect * from (select s.*,rownumber() over() as rn from (select * from sedb10) as s ) as s1 where s1.rn between 0 and 10</td>
</tr>
<!DOCTYPE HTML PUBLIC "-//W3C//DTD HTML 4.01 Transitional//EN" "http://www.w3.org/TR/html4/loose.dtd">
<html>
<head>
<title>Log4J Log Messages</title>
<style type="text/css">
<!--
body, table {font-family: arial,sans-serif; font-size: x-small;}
th {background: #336699; color: #FFFFFF; text-align: left;}
-->
</style>
</head>
<body bgcolor="#FFFFFF" topmargin="6" leftmargin="6">
<hr size="1" noshade>
Log session start time Tue Jul 28 16:13:06 CST 2015<br>
<br>
<table cellspacing="0" cellpadding="4" border="1" bordercolor="#224466" width="100%">
<tr>
<th>Time</th>
<th>Thread</th>
<th>Level</th>
<th>Category</th>
<th>Message</th>
</tr>

<tr>
<td>0</td>
<td title="pool-1-thread-1 thread">pool-1-thread-1</td>
<td title="Level">INFO</td>
<td title="com.sequoiadb.tasks.ReadSdb category">com.sequoiadb.tasks.ReadSdb</td>
<td title="Message">dbType=db2 url=jdbc:db2://192.168.30.223:50110/sequoia user=db2inst1 sqlselect * from (select s.*,rownumber() over() as rn from (select * from sedb10) as s ) as s1 where s1.rn between 0 and 10</td>
</tr>

<tr>
<td>6953</td>
<td title="pool-1-thread-1 thread">pool-1-thread-1</td>
<td title="Level">INFO</td>
<td title="com.sequoiadb.tasks.ReadSdb category">com.sequoiadb.tasks.ReadSdb</td>
<td title="Message">costTime6953</td>
</tr>
<!DOCTYPE HTML PUBLIC "-//W3C//DTD HTML 4.01 Transitional//EN" "http://www.w3.org/TR/html4/loose.dtd">
<html>
<head>
<title>Log4J Log Messages</title>
<style type="text/css">
<!--
body, table {font-family: arial,sans-serif; font-size: x-small;}
th {background: #336699; color: #FFFFFF; text-align: left;}
-->
</style>
</head>
<body bgcolor="#FFFFFF" topmargin="6" leftmargin="6">
<hr size="1" noshade>
Log session start time Tue Jul 28 17:08:01 CST 2015<br>
<br>
<table cellspacing="0" cellpadding="4" border="1" bordercolor="#224466" width="100%">
<tr>
<th>Time</th>
<th>Thread</th>
<th>Level</th>
<th>Category</th>
<th>Message</th>
</tr>

<tr>
<td>0</td>
<td title="main thread">main</td>
<td title="Level">INFO</td>
<td title="com.sequoiadb.main.SdbMain category">com.sequoiadb.main.SdbMain</td>
<td title="Message">args:{sqlList=[select * from (select s.*,rownumber() over() as rn from (select * from sedb10) as s ) as s1 where s1.rn between 0 and 10], threads=1, table=sedb10, sumRow=10, dbType=db2, password=liuck_2015, user=db2inst1, url=jdbc:db2://192.168.30.223:50110/sequoia}</td>
</tr>

<tr>
<td>5219</td>
<td title="pool-1-thread-1 thread">pool-1-thread-1</td>
<td title="Level">INFO</td>
<td title="com.sequoiadb.tasks.ReadSdb category">com.sequoiadb.tasks.ReadSdb</td>
<td title="Message">dbType=db2 url=jdbc:db2://192.168.30.223:50110/sequoia user=db2inst1 sqlselect * from (select s.*,rownumber() over() as rn from (select * from sedb10) as s ) as s1 where s1.rn between 0 and 10</td>
</tr>
<!DOCTYPE HTML PUBLIC "-//W3C//DTD HTML 4.01 Transitional//EN" "http://www.w3.org/TR/html4/loose.dtd">
<html>
<head>
<title>Log4J Log Messages</title>
<style type="text/css">
<!--
body, table {font-family: arial,sans-serif; font-size: x-small;}
th {background: #336699; color: #FFFFFF; text-align: left;}
-->
</style>
</head>
<body bgcolor="#FFFFFF" topmargin="6" leftmargin="6">
<hr size="1" noshade>
Log session start time Tue Jul 28 18:54:10 CST 2015<br>
<br>
<table cellspacing="0" cellpadding="4" border="1" bordercolor="#224466" width="100%">
<tr>
<th>Time</th>
<th>Thread</th>
<th>Level</th>
<th>Category</th>
<th>Message</th>
</tr>

<tr>
<td>0</td>
<td title="main thread">main</td>
<td title="Level">INFO</td>
<td title="com.sequoiadb.main.SdbMain category">com.sequoiadb.main.SdbMain</td>
<td title="Message">args:{sqlList=[select * from (select s.*,rownumber() over() as rn from (select * from sedb10) as s ) as s1 where s1.rn between 0 and 10], threads=1, table=sedb10, sumRow=10, dbType=db2, password=liuck_2015, user=db2inst1, url=jdbc:db2://192.168.30.223:50110/sequoia}</td>
</tr>

<tr>
<td>5234</td>
<td title="pool-1-thread-1 thread">pool-1-thread-1</td>
<td title="Level">INFO</td>
<td title="com.sequoiadb.tasks.ReadSdb category">com.sequoiadb.tasks.ReadSdb</td>
<td title="Message">dbType=db2 url=jdbc:db2://192.168.30.223:50110/sequoia user=db2inst1 sqlselect * from (select s.*,rownumber() over() as rn from (select * from sedb10) as s ) as s1 where s1.rn between 0 and 10</td>
</tr>

<tr>
<td>12297</td>
<td title="pool-1-thread-1 thread">pool-1-thread-1</td>
<td title="Level">INFO</td>
<td title="com.sequoiadb.tasks.ReadSdb category">com.sequoiadb.tasks.ReadSdb</td>
<td title="Message">costTime7063</td>
</tr>
<!DOCTYPE HTML PUBLIC "-//W3C//DTD HTML 4.01 Transitional//EN" "http://www.w3.org/TR/html4/loose.dtd">
<html>
<head>
<title>Log4J Log Messages</title>
<style type="text/css">
<!--
body, table {font-family: arial,sans-serif; font-size: x-small;}
th {background: #336699; color: #FFFFFF; text-align: left;}
-->
</style>
</head>
<body bgcolor="#FFFFFF" topmargin="6" leftmargin="6">
<hr size="1" noshade>
Log session start time Tue Jul 28 18:54:55 CST 2015<br>
<br>
<table cellspacing="0" cellpadding="4" border="1" bordercolor="#224466" width="100%">
<tr>
<th>Time</th>
<th>Thread</th>
<th>Level</th>
<th>Category</th>
<th>Message</th>
</tr>

<tr>
<td>0</td>
<td title="main thread">main</td>
<td title="Level">INFO</td>
<td title="com.sequoiadb.main.SdbMain category">com.sequoiadb.main.SdbMain</td>
<td title="Message">args:{sqlList=[select * from (select s.*,rownumber() over() as rn from (select * from sedb10) as s ) as s1 where s1.rn between 0 and 10], threads=1, table=sedb10, sumRow=10, dbType=db2, password=liuck_2015, user=db2inst1, url=jdbc:db2://192.168.30.223:50110/sequoia}</td>
</tr>
<!DOCTYPE HTML PUBLIC "-//W3C//DTD HTML 4.01 Transitional//EN" "http://www.w3.org/TR/html4/loose.dtd">
<html>
<head>
<title>Log4J Log Messages</title>
<style type="text/css">
<!--
body, table {font-family: arial,sans-serif; font-size: x-small;}
th {background: #336699; color: #FFFFFF; text-align: left;}
-->
</style>
</head>
<body bgcolor="#FFFFFF" topmargin="6" leftmargin="6">
<hr size="1" noshade>
Log session start time Tue Jul 28 18:56:09 CST 2015<br>
<br>
<table cellspacing="0" cellpadding="4" border="1" bordercolor="#224466" width="100%">
<tr>
<th>Time</th>
<th>Thread</th>
<th>Level</th>
<th>Category</th>
<th>Message</th>
</tr>

<tr>
<td>0</td>
<td title="main thread">main</td>
<td title="Level">INFO</td>
<td title="com.sequoiadb.main.SdbMain category">com.sequoiadb.main.SdbMain</td>
<td title="Message">args:{sqlList=[select * from (select rownum,* from sedb10 where rownum &lt;=10) where rownum &gt;0], threads=1, table=sedb10, sumRow=10, dbType=oracle, password=liuck_2015, user=db2inst1, url=jdbc:oracle:thin:@192.168.30.223:50110/sequoia}</td>
</tr>

<tr>
<td>625</td>
<td title="pool-1-thread-1 thread">pool-1-thread-1</td>
<td title="Level"><font color="#993300"><strong>ERROR</strong></font></td>
<td title="com.sequoiadb.service.ConnectDataBase category">com.sequoiadb.service.ConnectDataBase</td>
<td title="Message">IO ´íÎó: Got minus one from a read call</td>
</tr>

<tr>
<td>625</td>
<td title="pool-1-thread-1 thread">pool-1-thread-1</td>
<td title="Level">INFO</td>
<td title="com.sequoiadb.tasks.ReadSdb category">com.sequoiadb.tasks.ReadSdb</td>
<td title="Message">dbType=oracle url=jdbc:oracle:thin:@192.168.30.223:50110/sequoia user=db2inst1 sqlselect * from (select rownum,* from sedb10 where rownum &lt;=10) where rownum &gt;0</td>
</tr>

<tr>
<td>625</td>
<td title="pool-1-thread-1 thread">pool-1-thread-1</td>
<td title="Level">INFO</td>
<td title="com.sequoiadb.tasks.ReadSdb category">com.sequoiadb.tasks.ReadSdb</td>
<td title="Message">costTime0</td>
</tr>
<!DOCTYPE HTML PUBLIC "-//W3C//DTD HTML 4.01 Transitional//EN" "http://www.w3.org/TR/html4/loose.dtd">
<html>
<head>
<title>Log4J Log Messages</title>
<style type="text/css">
<!--
body, table {font-family: arial,sans-serif; font-size: x-small;}
th {background: #336699; color: #FFFFFF; text-align: left;}
-->
</style>
</head>
<body bgcolor="#FFFFFF" topmargin="6" leftmargin="6">
<hr size="1" noshade>
Log session start time Tue Jul 28 19:15:54 CST 2015<br>
<br>
<table cellspacing="0" cellpadding="4" border="1" bordercolor="#224466" width="100%">
<tr>
<th>Time</th>
<th>Thread</th>
<th>Level</th>
<th>Category</th>
<th>Message</th>
</tr>

<tr>
<td>0</td>
<td title="main thread">main</td>
<td title="Level"><font color="#993300"><strong>ERROR</strong></font></td>
<td title="com.sequoiadb.main.SdbMain category">com.sequoiadb.main.SdbMain</td>
<td title="Message">[Ljava.lang.StackTraceElement;@7fd021b9</td>
</tr>
<tr><td bgcolor="#993300" style="color:White; font-size : xx-small;" colspan="6">org.apache.commons.cli.MissingArgumentException: Missing argument for option: threads
<br>&nbsp;&nbsp;&nbsp;&nbsp;	at org.apache.commons.cli.Parser.processArgs(Parser.java:343)
<br>&nbsp;&nbsp;&nbsp;&nbsp;	at org.apache.commons.cli.Parser.processOption(Parser.java:393)
<br>&nbsp;&nbsp;&nbsp;&nbsp;	at org.apache.commons.cli.Parser.parse(Parser.java:199)
<br>&nbsp;&nbsp;&nbsp;&nbsp;	at org.apache.commons.cli.Parser.parse(Parser.java:85)
<br>&nbsp;&nbsp;&nbsp;&nbsp;	at com.sequoiadb.main.SdbMain.paraseCommand(SdbMain.java:69)
<br>&nbsp;&nbsp;&nbsp;&nbsp;	at com.sequoiadb.main.SdbMain.main(SdbMain.java:38)
</td></tr>
<!DOCTYPE HTML PUBLIC "-//W3C//DTD HTML 4.01 Transitional//EN" "http://www.w3.org/TR/html4/loose.dtd">
<html>
<head>
<title>Log4J Log Messages</title>
<style type="text/css">
<!--
body, table {font-family: arial,sans-serif; font-size: x-small;}
th {background: #336699; color: #FFFFFF; text-align: left;}
-->
</style>
</head>
<body bgcolor="#FFFFFF" topmargin="6" leftmargin="6">
<hr size="1" noshade>
Log session start time Tue Jul 28 19:17:33 CST 2015<br>
<br>
<table cellspacing="0" cellpadding="4" border="1" bordercolor="#224466" width="100%">
<tr>
<th>Time</th>
<th>Thread</th>
<th>Level</th>
<th>Category</th>
<th>Message</th>
</tr>

<tr>
<td>0</td>
<td title="main thread">main</td>
<td title="Level"><font color="#993300"><strong>ERROR</strong></font></td>
<td title="com.sequoiadb.main.SdbMain category">com.sequoiadb.main.SdbMain</td>
<td title="Message">[Ljava.lang.StackTraceElement;@7e073cd7</td>
</tr>
<tr><td bgcolor="#993300" style="color:White; font-size : xx-small;" colspan="6">org.apache.commons.cli.MissingArgumentException: Missing argument for option: threads
<br>&nbsp;&nbsp;&nbsp;&nbsp;	at org.apache.commons.cli.Parser.processArgs(Parser.java:343)
<br>&nbsp;&nbsp;&nbsp;&nbsp;	at org.apache.commons.cli.Parser.processOption(Parser.java:393)
<br>&nbsp;&nbsp;&nbsp;&nbsp;	at org.apache.commons.cli.Parser.parse(Parser.java:199)
<br>&nbsp;&nbsp;&nbsp;&nbsp;	at org.apache.commons.cli.Parser.parse(Parser.java:85)
<br>&nbsp;&nbsp;&nbsp;&nbsp;	at com.sequoiadb.main.SdbMain.paraseCommand(SdbMain.java:69)
<br>&nbsp;&nbsp;&nbsp;&nbsp;	at com.sequoiadb.main.SdbMain.main(SdbMain.java:38)
</td></tr>
<!DOCTYPE HTML PUBLIC "-//W3C//DTD HTML 4.01 Transitional//EN" "http://www.w3.org/TR/html4/loose.dtd">
<html>
<head>
<title>Log4J Log Messages</title>
<style type="text/css">
<!--
body, table {font-family: arial,sans-serif; font-size: x-small;}
th {background: #336699; color: #FFFFFF; text-align: left;}
-->
</style>
</head>
<body bgcolor="#FFFFFF" topmargin="6" leftmargin="6">
<hr size="1" noshade>
Log session start time Tue Jul 28 19:19:20 CST 2015<br>
<br>
<table cellspacing="0" cellpadding="4" border="1" bordercolor="#224466" width="100%">
<tr>
<th>Time</th>
<th>Thread</th>
<th>Level</th>
<th>Category</th>
<th>Message</th>
</tr>

<tr>
<td>0</td>
<td title="main thread">main</td>
<td title="Level"><font color="#993300"><strong>ERROR</strong></font></td>
<td title="com.sequoiadb.main.SdbMain category">com.sequoiadb.main.SdbMain</td>
<td title="Message">[Ljava.lang.StackTraceElement;@18be6d81</td>
</tr>
<tr><td bgcolor="#993300" style="color:White; font-size : xx-small;" colspan="6">org.apache.commons.cli.MissingArgumentException: Missing argument for option: threads
<br>&nbsp;&nbsp;&nbsp;&nbsp;	at org.apache.commons.cli.Parser.processArgs(Parser.java:343)
<br>&nbsp;&nbsp;&nbsp;&nbsp;	at org.apache.commons.cli.Parser.processOption(Parser.java:393)
<br>&nbsp;&nbsp;&nbsp;&nbsp;	at org.apache.commons.cli.Parser.parse(Parser.java:199)
<br>&nbsp;&nbsp;&nbsp;&nbsp;	at org.apache.commons.cli.Parser.parse(Parser.java:85)
<br>&nbsp;&nbsp;&nbsp;&nbsp;	at com.sequoiadb.main.SdbMain.paraseCommand(SdbMain.java:69)
<br>&nbsp;&nbsp;&nbsp;&nbsp;	at com.sequoiadb.main.SdbMain.main(SdbMain.java:38)
</td></tr>
<!DOCTYPE HTML PUBLIC "-//W3C//DTD HTML 4.01 Transitional//EN" "http://www.w3.org/TR/html4/loose.dtd">
<html>
<head>
<title>Log4J Log Messages</title>
<style type="text/css">
<!--
body, table {font-family: arial,sans-serif; font-size: x-small;}
th {background: #336699; color: #FFFFFF; text-align: left;}
-->
</style>
</head>
<body bgcolor="#FFFFFF" topmargin="6" leftmargin="6">
<hr size="1" noshade>
Log session start time Tue Jul 28 19:21:17 CST 2015<br>
<br>
<table cellspacing="0" cellpadding="4" border="1" bordercolor="#224466" width="100%">
<tr>
<th>Time</th>
<th>Thread</th>
<th>Level</th>
<th>Category</th>
<th>Message</th>
</tr>

<tr>
<td>0</td>
<td title="main thread">main</td>
<td title="Level"><font color="#993300"><strong>ERROR</strong></font></td>
<td title="com.sequoiadb.main.SdbMain category">com.sequoiadb.main.SdbMain</td>
<td title="Message">[Ljava.lang.StackTraceElement;@d2b87e5</td>
</tr>
<tr><td bgcolor="#993300" style="color:White; font-size : xx-small;" colspan="6">org.apache.commons.cli.MissingArgumentException: Missing argument for option: threads
<br>&nbsp;&nbsp;&nbsp;&nbsp;	at org.apache.commons.cli.Parser.processArgs(Parser.java:343)
<br>&nbsp;&nbsp;&nbsp;&nbsp;	at org.apache.commons.cli.Parser.processOption(Parser.java:393)
<br>&nbsp;&nbsp;&nbsp;&nbsp;	at org.apache.commons.cli.Parser.parse(Parser.java:199)
<br>&nbsp;&nbsp;&nbsp;&nbsp;	at org.apache.commons.cli.Parser.parse(Parser.java:85)
<br>&nbsp;&nbsp;&nbsp;&nbsp;	at com.sequoiadb.main.SdbMain.paraseCommand(SdbMain.java:69)
<br>&nbsp;&nbsp;&nbsp;&nbsp;	at com.sequoiadb.main.SdbMain.main(SdbMain.java:38)
</td></tr>
<!DOCTYPE HTML PUBLIC "-//W3C//DTD HTML 4.01 Transitional//EN" "http://www.w3.org/TR/html4/loose.dtd">
<html>
<head>
<title>Log4J Log Messages</title>
<style type="text/css">
<!--
body, table {font-family: arial,sans-serif; font-size: x-small;}
th {background: #336699; color: #FFFFFF; text-align: left;}
-->
</style>
</head>
<body bgcolor="#FFFFFF" topmargin="6" leftmargin="6">
<hr size="1" noshade>
Log session start time Tue Jul 28 19:23:58 CST 2015<br>
<br>
<table cellspacing="0" cellpadding="4" border="1" bordercolor="#224466" width="100%">
<tr>
<th>Time</th>
<th>Thread</th>
<th>Level</th>
<th>Category</th>
<th>Message</th>
</tr>

<tr>
<td>0</td>
<td title="main thread">main</td>
<td title="Level"><font color="#993300"><strong>ERROR</strong></font></td>
<td title="com.sequoiadb.main.SdbMain category">com.sequoiadb.main.SdbMain</td>
<td title="Message">[Ljava.lang.StackTraceElement;@7e073cd7</td>
</tr>
<tr><td bgcolor="#993300" style="color:White; font-size : xx-small;" colspan="6">org.apache.commons.cli.MissingArgumentException: Missing argument for option: threads
<br>&nbsp;&nbsp;&nbsp;&nbsp;	at org.apache.commons.cli.Parser.processArgs(Parser.java:343)
<br>&nbsp;&nbsp;&nbsp;&nbsp;	at org.apache.commons.cli.Parser.processOption(Parser.java:393)
<br>&nbsp;&nbsp;&nbsp;&nbsp;	at org.apache.commons.cli.Parser.parse(Parser.java:199)
<br>&nbsp;&nbsp;&nbsp;&nbsp;	at org.apache.commons.cli.Parser.parse(Parser.java:85)
<br>&nbsp;&nbsp;&nbsp;&nbsp;	at com.sequoiadb.main.SdbMain.paraseCommand(SdbMain.java:69)
<br>&nbsp;&nbsp;&nbsp;&nbsp;	at com.sequoiadb.main.SdbMain.main(SdbMain.java:38)
</td></tr>
<!DOCTYPE HTML PUBLIC "-//W3C//DTD HTML 4.01 Transitional//EN" "http://www.w3.org/TR/html4/loose.dtd">
<html>
<head>
<title>Log4J Log Messages</title>
<style type="text/css">
<!--
body, table {font-family: arial,sans-serif; font-size: x-small;}
th {background: #336699; color: #FFFFFF; text-align: left;}
-->
</style>
</head>
<body bgcolor="#FFFFFF" topmargin="6" leftmargin="6">
<hr size="1" noshade>
Log session start time Tue Jul 28 19:26:07 CST 2015<br>
<br>
<table cellspacing="0" cellpadding="4" border="1" bordercolor="#224466" width="100%">
<tr>
<th>Time</th>
<th>Thread</th>
<th>Level</th>
<th>Category</th>
<th>Message</th>
</tr>

<tr>
<td>0</td>
<td title="main thread">main</td>
<td title="Level"><font color="#993300"><strong>ERROR</strong></font></td>
<td title="com.sequoiadb.main.SdbMain category">com.sequoiadb.main.SdbMain</td>
<td title="Message">[Ljava.lang.StackTraceElement;@7e073cd7</td>
</tr>
<tr><td bgcolor="#993300" style="color:White; font-size : xx-small;" colspan="6">org.apache.commons.cli.MissingArgumentException: Missing argument for option: threads
<br>&nbsp;&nbsp;&nbsp;&nbsp;	at org.apache.commons.cli.Parser.processArgs(Parser.java:343)
<br>&nbsp;&nbsp;&nbsp;&nbsp;	at org.apache.commons.cli.Parser.processOption(Parser.java:393)
<br>&nbsp;&nbsp;&nbsp;&nbsp;	at org.apache.commons.cli.Parser.parse(Parser.java:199)
<br>&nbsp;&nbsp;&nbsp;&nbsp;	at org.apache.commons.cli.Parser.parse(Parser.java:85)
<br>&nbsp;&nbsp;&nbsp;&nbsp;	at com.sequoiadb.main.SdbMain.paraseCommand(SdbMain.java:69)
<br>&nbsp;&nbsp;&nbsp;&nbsp;	at com.sequoiadb.main.SdbMain.main(SdbMain.java:38)
</td></tr>

<tr>
<td>16</td>
<td title="main thread">main</td>
<td title="Level"><font color="#993300"><strong>ERROR</strong></font></td>
<td title="com.sequoiadb.main.SdbMain category">com.sequoiadb.main.SdbMain</td>
<td title="Message">error info:</td>
</tr>
<!DOCTYPE HTML PUBLIC "-//W3C//DTD HTML 4.01 Transitional//EN" "http://www.w3.org/TR/html4/loose.dtd">
<html>
<head>
<title>Log4J Log Messages</title>
<style type="text/css">
<!--
body, table {font-family: arial,sans-serif; font-size: x-small;}
th {background: #336699; color: #FFFFFF; text-align: left;}
-->
</style>
</head>
<body bgcolor="#FFFFFF" topmargin="6" leftmargin="6">
<hr size="1" noshade>
Log session start time Tue Jul 28 19:29:25 CST 2015<br>
<br>
<table cellspacing="0" cellpadding="4" border="1" bordercolor="#224466" width="100%">
<tr>
<th>Time</th>
<th>Thread</th>
<th>Level</th>
<th>Category</th>
<th>Message</th>
</tr>

<tr>
<td>16</td>
<td title="main thread">main</td>
<td title="Level"><font color="#993300"><strong>ERROR</strong></font></td>
<td title="com.sequoiadb.main.SdbMain category">com.sequoiadb.main.SdbMain</td>
<td title="Message">[Ljava.lang.StackTraceElement;@d2b87e5</td>
</tr>
<tr><td bgcolor="#993300" style="color:White; font-size : xx-small;" colspan="6">org.apache.commons.cli.MissingArgumentException: Missing argument for option: threads
<br>&nbsp;&nbsp;&nbsp;&nbsp;	at org.apache.commons.cli.Parser.processArgs(Parser.java:343)
<br>&nbsp;&nbsp;&nbsp;&nbsp;	at org.apache.commons.cli.Parser.processOption(Parser.java:393)
<br>&nbsp;&nbsp;&nbsp;&nbsp;	at org.apache.commons.cli.Parser.parse(Parser.java:199)
<br>&nbsp;&nbsp;&nbsp;&nbsp;	at org.apache.commons.cli.Parser.parse(Parser.java:85)
<br>&nbsp;&nbsp;&nbsp;&nbsp;	at com.sequoiadb.main.SdbMain.paraseCommand(SdbMain.java:71)
<br>&nbsp;&nbsp;&nbsp;&nbsp;	at com.sequoiadb.main.SdbMain.main(SdbMain.java:38)
</td></tr>

<tr>
<td>16</td>
<td title="main thread">main</td>
<td title="Level"><font color="#993300"><strong>ERROR</strong></font></td>
<td title="com.sequoiadb.main.SdbMain category">com.sequoiadb.main.SdbMain</td>
<td title="Message">CommandLine error</td>
</tr>
<!DOCTYPE HTML PUBLIC "-//W3C//DTD HTML 4.01 Transitional//EN" "http://www.w3.org/TR/html4/loose.dtd">
<html>
<head>
<title>Log4J Log Messages</title>
<style type="text/css">
<!--
body, table {font-family: arial,sans-serif; font-size: x-small;}
th {background: #336699; color: #FFFFFF; text-align: left;}
-->
</style>
</head>
<body bgcolor="#FFFFFF" topmargin="6" leftmargin="6">
<hr size="1" noshade>
Log session start time Wed Jul 29 10:10:38 CST 2015<br>
<br>
<table cellspacing="0" cellpadding="4" border="1" bordercolor="#224466" width="100%">
<tr>
<th>Time</th>
<th>Thread</th>
<th>Level</th>
<th>Category</th>
<th>Message</th>
</tr>
