<!DOCTYPE HTML PUBLIC "-//W3C//DTD HTML 4.01 Transitional//EN" "http://www.w3.org/TR/html4/loose.dtd">
<html>
<head>
<title>Log4J Log Messages</title>
<style type="text/css">
<!--
body, table {font-family: arial,sans-serif; font-size: x-small;}
th {background: #336699; color: #FFFFFF; text-align: left;}
-->
</style>
</head>
<body bgcolor="#FFFFFF" topmargin="6" leftmargin="6">
<hr size="1" noshade>
Log session start time Mon Jul 27 16:25:46 CST 2015<br>
<br>
<table cellspacing="0" cellpadding="4" border="1" bordercolor="#224466" width="100%">
<tr>
<th>Time</th>
<th>Thread</th>
<th>Level</th>
<th>Category</th>
<th>Message</th>
</tr>

<tr>
<td>0</td>
<td title="pool-1-thread-1 thread">pool-1-thread-1</td>
<td title="Level">INFO</td>
<td title="com.sequoiadb.tasks.ReadSdb category">com.sequoiadb.tasks.ReadSdb</td>
<td title="Message">dbType=db2 url=jdbc:db2://192.168.30.223:50110/sequoia user=db2inst1 sqlselect * from (select s.*,rownumber() over() as rn from (select * from sedb10) as s ) as s1 where s1.rn between 0 and 10</td>
</tr>

<tr>
<td>6688</td>
<td title="pool-1-thread-1 thread">pool-1-thread-1</td>
<td title="Level">INFO</td>
<td title="com.sequoiadb.tasks.ReadSdb category">com.sequoiadb.tasks.ReadSdb</td>
<td title="Message">costTime6688</td>
</tr>
<!DOCTYPE HTML PUBLIC "-//W3C//DTD HTML 4.01 Transitional//EN" "http://www.w3.org/TR/html4/loose.dtd">
<html>
<head>
<title>Log4J Log Messages</title>
<style type="text/css">
<!--
body, table {font-family: arial,sans-serif; font-size: x-small;}
th {background: #336699; color: #FFFFFF; text-align: left;}
-->
</style>
</head>
<body bgcolor="#FFFFFF" topmargin="6" leftmargin="6">
<hr size="1" noshade>
Log session start time Tue Jul 28 11:20:50 CST 2015<br>
<br>
<table cellspacing="0" cellpadding="4" border="1" bordercolor="#224466" width="100%">
<tr>
<th>Time</th>
<th>Thread</th>
<th>Level</th>
<th>Category</th>
<th>Message</th>
</tr>
