Processing started...
Initialize log directory and file name...
Validate and init input arguments...
  [delete] Deleting directory C:\sequoiadb\misc\dita2troff\DITA-OT1.8.4\temp\temp20140417143704171
  [mkdir] Created dir: C:\sequoiadb\misc\dita2troff\DITA-OT1.8.4\temp\temp20140417143704171
  [echo] *****************************************************************
  [echo] * basedir = C:\sequoiadb\misc\dita2troff\DITA-OT1.8.4
  [echo] * dita.dir = C:\sequoiadb\misc\dita2troff\DITA-OT1.8.4
  [echo] * input = C:\sequoiadb\doc\references\methods\topics_en_v2\db.createProcedure.dita
  [echo] * inputdir = C:\sequoiadb\doc\references\methods\topics_en_v2
  [echo] * transtype = troff
  [echo] * tempdir = temp\temp20140417143704171
  [echo] * outputdir = C:\sequoiadb\doc\manual
  [echo] * extname = ${dita.ext}
  [echo] * clean.temp = true
  [echo] * DITA-OT version = 1.8.4
  [echo] * XML parser = Xerces
  [echo] * XSLT processor = Saxon
  [echo] * collator = ICU
  [echo] *****************************************************************
  [echo] #Ant properties
  [echo] #Thu Apr 17 14:37:07 CST 2014
  [echo] args.css.file.temp=${args.css}
  [echo] args.css.real=${args.css}
  [echo] args.grammar.cache=yes
  [echo] args.input=C\:\\sequoiadb\\doc\\references\\methods\\topics_en_v2\\db.createProcedure.dita
  [echo] args.logdir=C\:\\sequoiadb\\doc\\manual
  [echo] args.xml.systemid.set=yes
  [echo] dita.dir=C\:\\sequoiadb\\misc\\dita2troff\\DITA-OT1.8.4
  [echo] dita.input.dirname=C\:\\sequoiadb\\doc\\references\\methods\\topics_en_v2
  [echo] dita.input.filename=db.createProcedure.dita
  [echo] dita.map.filename.root=db.createProcedure.dita
  [echo] dita.plugin.com.sophos.tocjs.dir=C\:\\sequoiadb\\misc\\dita2troff\\DITA-OT1.8.4\\plugins\\com.sophos.tocjs
  [echo] dita.plugin.org.dita.base.dir=C\:\\sequoiadb\\misc\\dita2troff\\DITA-OT1.8.4
  [echo] dita.plugin.org.dita.docbook.dir=C\:\\sequoiadb\\misc\\dita2troff\\DITA-OT1.8.4\\plugins\\org.dita.docbook
  [echo] dita.plugin.org.dita.eclipsecontent.dir=C\:\\sequoiadb\\misc\\dita2troff\\DITA-OT1.8.4\\plugins\\org.dita.eclipsecontent
  [echo] dita.plugin.org.dita.eclipsehelp.dir=C\:\\sequoiadb\\misc\\dita2troff\\DITA-OT1.8.4\\plugins\\org.dita.eclipsehelp
  [echo] dita.plugin.org.dita.htmlhelp.dir=C\:\\sequoiadb\\misc\\dita2troff\\DITA-OT1.8.4\\plugins\\org.dita.htmlhelp
  [echo] dita.plugin.org.dita.javahelp.dir=C\:\\sequoiadb\\misc\\dita2troff\\DITA-OT1.8.4\\plugins\\org.dita.javahelp
  [echo] dita.plugin.org.dita.legacypdf.dir=C\:\\sequoiadb\\misc\\dita2troff\\DITA-OT1.8.4\\plugins\\legacypdf
  [echo] dita.plugin.org.dita.odt.dir=C\:\\sequoiadb\\misc\\dita2troff\\DITA-OT1.8.4\\plugins\\org.dita.odt
  [echo] dita.plugin.org.dita.pdf.dir=C\:\\sequoiadb\\misc\\dita2troff\\DITA-OT1.8.4\\plugins\\org.dita.pdf
  [echo] dita.plugin.org.dita.pdf2.dir=C\:\\sequoiadb\\misc\\dita2troff\\DITA-OT1.8.4\\plugins\\org.dita.pdf2
  [echo] dita.plugin.org.dita.specialization.dita11.dir=C\:\\sequoiadb\\misc\\dita2troff\\DITA-OT1.8.4\\plugins\\org.dita.specialization.dita11
  [echo] dita.plugin.org.dita.specialization.dita132.dir=C\:\\sequoiadb\\misc\\dita2troff\\DITA-OT1.8.4\\plugins\\org.dita.specialization.dita132
  [echo] dita.plugin.org.dita.specialization.eclipsemap.dir=C\:\\sequoiadb\\misc\\dita2troff\\DITA-OT1.8.4\\plugins\\org.dita.specialization.eclipsemap
  [echo] dita.plugin.org.dita.specialization.h2d.dir=C\:\\sequoiadb\\misc\\dita2troff\\DITA-OT1.8.4\\plugins\\h2d
  [echo] dita.plugin.org.dita.troff.dir=C\:\\sequoiadb\\misc\\dita2troff\\DITA-OT1.8.4\\plugins\\org.dita.troff
  [echo] dita.plugin.org.dita.wordrtf.dir=C\:\\sequoiadb\\misc\\dita2troff\\DITA-OT1.8.4\\plugins\\org.dita.wordrtf
  [echo] dita.plugin.org.dita.xhtml.dir=C\:\\sequoiadb\\misc\\dita2troff\\DITA-OT1.8.4\\plugins\\org.dita.xhtml
  [echo] dita.preprocess.reloadstylesheet=false
  [echo] dita.temp.dir=temp\\temp20140417143704171
  [echo] dita.topic.filename.root=db.createProcedure.dita
  [echo] *****************************************************************
Generate file list...
  [gen-list] GenMapAndTopicListModule.execute(): Starting...
  [gen-list] Using Xerces grammar pool for DTD and schema caching.
  [gen-list] Processing C:\sequoiadb\doc\references\methods\topics_en_v2\db.createProcedure.dita
  [gen-list] Processing C:\sequoiadb\doc\references\methods\topics_en_v2\db.removeProcedure.dita
  [gen-list] Processing C:\sequoiadb\doc\references\methods\topics_en_v2\db.listProcedures.dita
  [gen-list] Serializing job specification
  [gen-list] GenMapAndTopicListModule.execute(): Execution time: 1.032 seconds
  [job-helper] Processing C:\sequoiadb\misc\dita2troff\DITA-OT1.8.4\temp\temp20140417143704171\.job.xml to C:\sequoiadb\misc\dita2troff\DITA-OT1.8.4\temp\temp20140417143704171\outditafiles.list
  [job-helper] Loading stylesheet C:\sequoiadb\misc\dita2troff\DITA-OT1.8.4\xsl\job-helper.xsl
  [job-helper] Processing C:\sequoiadb\misc\dita2troff\DITA-OT1.8.4\temp\temp20140417143704171\.job.xml to C:\sequoiadb\misc\dita2troff\DITA-OT1.8.4\temp\temp20140417143704171\fullditamapandtopic.list
  [job-helper] Loading stylesheet C:\sequoiadb\misc\dita2troff\DITA-OT1.8.4\xsl\job-helper.xsl
  [job-helper] Processing C:\sequoiadb\misc\dita2troff\DITA-OT1.8.4\temp\temp20140417143704171\.job.xml to C:\sequoiadb\misc\dita2troff\DITA-OT1.8.4\temp\temp20140417143704171\fullditatopic.list
  [job-helper] Loading stylesheet C:\sequoiadb\misc\dita2troff\DITA-OT1.8.4\xsl\job-helper.xsl
  [job-helper] Processing C:\sequoiadb\misc\dita2troff\DITA-OT1.8.4\temp\temp20140417143704171\.job.xml to C:\sequoiadb\misc\dita2troff\DITA-OT1.8.4\temp\temp20140417143704171\fullditamap.list
  [job-helper] Loading stylesheet C:\sequoiadb\misc\dita2troff\DITA-OT1.8.4\xsl\job-helper.xsl
  [job-helper] Processing C:\sequoiadb\misc\dita2troff\DITA-OT1.8.4\temp\temp20140417143704171\.job.xml to C:\sequoiadb\misc\dita2troff\DITA-OT1.8.4\temp\temp20140417143704171\hrefditatopic.list
  [job-helper] Loading stylesheet C:\sequoiadb\misc\dita2troff\DITA-OT1.8.4\xsl\job-helper.xsl
  [job-helper] Processing C:\sequoiadb\misc\dita2troff\DITA-OT1.8.4\temp\temp20140417143704171\.job.xml to C:\sequoiadb\misc\dita2troff\DITA-OT1.8.4\temp\temp20140417143704171\conref.list
  [job-helper] Loading stylesheet C:\sequoiadb\misc\dita2troff\DITA-OT1.8.4\xsl\job-helper.xsl
  [job-helper] Processing C:\sequoiadb\misc\dita2troff\DITA-OT1.8.4\temp\temp20140417143704171\.job.xml to C:\sequoiadb\misc\dita2troff\DITA-OT1.8.4\temp\temp20140417143704171\image.list
  [job-helper] Loading stylesheet C:\sequoiadb\misc\dita2troff\DITA-OT1.8.4\xsl\job-helper.xsl
  [job-helper] Processing C:\sequoiadb\misc\dita2troff\DITA-OT1.8.4\temp\temp20140417143704171\.job.xml to C:\sequoiadb\misc\dita2troff\DITA-OT1.8.4\temp\temp20140417143704171\flagimage.list
  [job-helper] Loading stylesheet C:\sequoiadb\misc\dita2troff\DITA-OT1.8.4\xsl\job-helper.xsl
  [job-helper] Processing C:\sequoiadb\misc\dita2troff\DITA-OT1.8.4\temp\temp20140417143704171\.job.xml to C:\sequoiadb\misc\dita2troff\DITA-OT1.8.4\temp\temp20140417143704171\html.list
  [job-helper] Loading stylesheet C:\sequoiadb\misc\dita2troff\DITA-OT1.8.4\xsl\job-helper.xsl
  [job-helper] Processing C:\sequoiadb\misc\dita2troff\DITA-OT1.8.4\temp\temp20140417143704171\.job.xml to C:\sequoiadb\misc\dita2troff\DITA-OT1.8.4\temp\temp20140417143704171\hreftargets.list
  [job-helper] Loading stylesheet C:\sequoiadb\misc\dita2troff\DITA-OT1.8.4\xsl\job-helper.xsl
  [job-helper] Processing C:\sequoiadb\misc\dita2troff\DITA-OT1.8.4\temp\temp20140417143704171\.job.xml to C:\sequoiadb\misc\dita2troff\DITA-OT1.8.4\temp\temp20140417143704171\canditopics.list
  [job-helper] Loading stylesheet C:\sequoiadb\misc\dita2troff\DITA-OT1.8.4\xsl\job-helper.xsl
  [job-helper] Processing C:\sequoiadb\misc\dita2troff\DITA-OT1.8.4\temp\temp20140417143704171\.job.xml to C:\sequoiadb\misc\dita2troff\DITA-OT1.8.4\temp\temp20140417143704171\skipchunk.list
  [job-helper] Loading stylesheet C:\sequoiadb\misc\dita2troff\DITA-OT1.8.4\xsl\job-helper.xsl
  [job-helper] Processing C:\sequoiadb\misc\dita2troff\DITA-OT1.8.4\temp\temp20140417143704171\.job.xml to C:\sequoiadb\misc\dita2troff\DITA-OT1.8.4\temp\temp20140417143704171\subjectscheme.list
  [job-helper] Loading stylesheet C:\sequoiadb\misc\dita2troff\DITA-OT1.8.4\xsl\job-helper.xsl
  [job-helper] Processing C:\sequoiadb\misc\dita2troff\DITA-OT1.8.4\temp\temp20140417143704171\.job.xml to C:\sequoiadb\misc\dita2troff\DITA-OT1.8.4\temp\temp20140417143704171\conreftargets.list
  [job-helper] Loading stylesheet C:\sequoiadb\misc\dita2troff\DITA-OT1.8.4\xsl\job-helper.xsl
  [job-helper] Processing C:\sequoiadb\misc\dita2troff\DITA-OT1.8.4\temp\temp20140417143704171\.job.xml to C:\sequoiadb\misc\dita2troff\DITA-OT1.8.4\temp\temp20140417143704171\copytosource.list
  [job-helper] Loading stylesheet C:\sequoiadb\misc\dita2troff\DITA-OT1.8.4\xsl\job-helper.xsl
  [job-helper] Processing C:\sequoiadb\misc\dita2troff\DITA-OT1.8.4\temp\temp20140417143704171\.job.xml to C:\sequoiadb\misc\dita2troff\DITA-OT1.8.4\temp\temp20140417143704171\subtargets.list
  [job-helper] Loading stylesheet C:\sequoiadb\misc\dita2troff\DITA-OT1.8.4\xsl\job-helper.xsl
  [job-helper] Processing C:\sequoiadb\misc\dita2troff\DITA-OT1.8.4\temp\temp20140417143704171\.job.xml to C:\sequoiadb\misc\dita2troff\DITA-OT1.8.4\temp\temp20140417143704171\conrefpush.list
  [job-helper] Loading stylesheet C:\sequoiadb\misc\dita2troff\DITA-OT1.8.4\xsl\job-helper.xsl
  [job-helper] Processing C:\sequoiadb\misc\dita2troff\DITA-OT1.8.4\temp\temp20140417143704171\.job.xml to C:\sequoiadb\misc\dita2troff\DITA-OT1.8.4\temp\temp20140417143704171\keyref.list
  [job-helper] Loading stylesheet C:\sequoiadb\misc\dita2troff\DITA-OT1.8.4\xsl\job-helper.xsl
  [job-helper] Processing C:\sequoiadb\misc\dita2troff\DITA-OT1.8.4\temp\temp20140417143704171\.job.xml to C:\sequoiadb\misc\dita2troff\DITA-OT1.8.4\temp\temp20140417143704171\coderef.list
  [job-helper] Loading stylesheet C:\sequoiadb\misc\dita2troff\DITA-OT1.8.4\xsl\job-helper.xsl
  [job-helper] Processing C:\sequoiadb\misc\dita2troff\DITA-OT1.8.4\temp\temp20140417143704171\.job.xml to C:\sequoiadb\misc\dita2troff\DITA-OT1.8.4\temp\temp20140417143704171\resourceonly.list
  [job-helper] Loading stylesheet C:\sequoiadb\misc\dita2troff\DITA-OT1.8.4\xsl\job-helper.xsl
Debug and filter input files...
  [filter] DebugAndFilterModule.execute(): Starting...
  [filter] Using Xerces grammar pool for DTD and schema caching.
  [filter] Processing C:\sequoiadb\doc\references\methods\topics_en_v2\db.removeProcedure.dita
  [filter] Processing C:\sequoiadb\doc\references\methods\topics_en_v2\db.listProcedures.dita
  [filter] Processing C:\sequoiadb\doc\references\methods\topics_en_v2\db.createProcedure.dita
  [filter] Execution time: 156 milliseconds
  [job-helper] Processing C:\sequoiadb\misc\dita2troff\DITA-OT1.8.4\temp\temp20140417143704171\.job.xml to C:\sequoiadb\misc\dita2troff\DITA-OT1.8.4\temp\temp20140417143704171\user.input.file.list
  [job-helper] Loading stylesheet C:\sequoiadb\misc\dita2troff\DITA-OT1.8.4\xsl\job-helper.xsl
  [job-helper] Processing C:\sequoiadb\misc\dita2troff\DITA-OT1.8.4\temp\temp20140417143704171\.job.xml to C:\sequoiadb\misc\dita2troff\DITA-OT1.8.4\temp\temp20140417143704171\hreftargets.list
  [job-helper] Loading stylesheet C:\sequoiadb\misc\dita2troff\DITA-OT1.8.4\xsl\job-helper.xsl
  [job-helper] Processing C:\sequoiadb\misc\dita2troff\DITA-OT1.8.4\temp\temp20140417143704171\.job.xml to C:\sequoiadb\misc\dita2troff\DITA-OT1.8.4\temp\temp20140417143704171\conref.list
  [job-helper] Loading stylesheet C:\sequoiadb\misc\dita2troff\DITA-OT1.8.4\xsl\job-helper.xsl
  [job-helper] Processing C:\sequoiadb\misc\dita2troff\DITA-OT1.8.4\temp\temp20140417143704171\.job.xml to C:\sequoiadb\misc\dita2troff\DITA-OT1.8.4\temp\temp20140417143704171\hrefditatopic.list
  [job-helper] Loading stylesheet C:\sequoiadb\misc\dita2troff\DITA-OT1.8.4\xsl\job-helper.xsl
  [job-helper] Processing C:\sequoiadb\misc\dita2troff\DITA-OT1.8.4\temp\temp20140417143704171\.job.xml to C:\sequoiadb\misc\dita2troff\DITA-OT1.8.4\temp\temp20140417143704171\fullditatopic.list
  [job-helper] Loading stylesheet C:\sequoiadb\misc\dita2troff\DITA-OT1.8.4\xsl\job-helper.xsl
  [job-helper] Processing C:\sequoiadb\misc\dita2troff\DITA-OT1.8.4\temp\temp20140417143704171\.job.xml to C:\sequoiadb\misc\dita2troff\DITA-OT1.8.4\temp\temp20140417143704171\fullditamapandtopic.list
  [job-helper] Loading stylesheet C:\sequoiadb\misc\dita2troff\DITA-OT1.8.4\xsl\job-helper.xsl
  [job-helper] Processing C:\sequoiadb\misc\dita2troff\DITA-OT1.8.4\temp\temp20140417143704171\.job.xml to C:\sequoiadb\misc\dita2troff\DITA-OT1.8.4\temp\temp20140417143704171\conreftargets.list
  [job-helper] Loading stylesheet C:\sequoiadb\misc\dita2troff\DITA-OT1.8.4\xsl\job-helper.xsl
  [job-helper] Processing C:\sequoiadb\misc\dita2troff\DITA-OT1.8.4\temp\temp20140417143704171\.job.xml to C:\sequoiadb\misc\dita2troff\DITA-OT1.8.4\temp\temp20140417143704171\conrefpush.list
  [job-helper] Loading stylesheet C:\sequoiadb\misc\dita2troff\DITA-OT1.8.4\xsl\job-helper.xsl
  [job-helper] Processing C:\sequoiadb\misc\dita2troff\DITA-OT1.8.4\temp\temp20140417143704171\.job.xml to C:\sequoiadb\misc\dita2troff\DITA-OT1.8.4\temp\temp20140417143704171\keyref.list
  [job-helper] Loading stylesheet C:\sequoiadb\misc\dita2troff\DITA-OT1.8.4\xsl\job-helper.xsl
  [job-helper] Processing C:\sequoiadb\misc\dita2troff\DITA-OT1.8.4\temp\temp20140417143704171\.job.xml to C:\sequoiadb\misc\dita2troff\DITA-OT1.8.4\temp\temp20140417143704171\skipchunk.list
  [job-helper] Loading stylesheet C:\sequoiadb\misc\dita2troff\DITA-OT1.8.4\xsl\job-helper.xsl
  [job-helper] Processing C:\sequoiadb\misc\dita2troff\DITA-OT1.8.4\temp\temp20140417143704171\.job.xml to C:\sequoiadb\misc\dita2troff\DITA-OT1.8.4\temp\temp20140417143704171\canditopics.list
  [job-helper] Loading stylesheet C:\sequoiadb\misc\dita2troff\DITA-OT1.8.4\xsl\job-helper.xsl
  [job-helper] Processing C:\sequoiadb\misc\dita2troff\DITA-OT1.8.4\temp\temp20140417143704171\.job.xml to C:\sequoiadb\misc\dita2troff\DITA-OT1.8.4\temp\temp20140417143704171\resourceonly.list
  [job-helper] Loading stylesheet C:\sequoiadb\misc\dita2troff\DITA-OT1.8.4\xsl\job-helper.xsl
Copy image files...
Copy image files...
Copy image files...
Copy html files...
Copy flag files...
Copy subsidiary files...
Copy generated files...
  [copy] Copying 2 files to C:\sequoiadb\doc\manual
Resolve conref push...
Resolve conref in input files...
Move metadata entries...
Resolve keyref...
Resolve coderef in input files...
Resolve mapref in ditamap...
Pull the navtitle and topicmeta from topics to ditamap...
Process chunks...
Find and generate related link information...
Move the related link information to topics...
Pull metadata for link and xref element...
  [topicpull] Transforming into C:\sequoiadb\misc\dita2troff\DITA-OT1.8.4\temp\temp20140417143704171
  [topicpull] Processing C:\sequoiadb\misc\dita2troff\DITA-OT1.8.4\temp\temp20140417143704171\db.createProcedure.dita to C:\sequoiadb\misc\dita2troff\DITA-OT1.8.4\temp\temp20140417143704171\db.createProcedure.dita.pull
  [topicpull] Loading stylesheet C:\sequoiadb\misc\dita2troff\DITA-OT1.8.4\xsl\preprocess\topicpull.xsl
  [topicpull] Processing C:\sequoiadb\misc\dita2troff\DITA-OT1.8.4\temp\temp20140417143704171\db.listProcedures.dita to C:\sequoiadb\misc\dita2troff\DITA-OT1.8.4\temp\temp20140417143704171\db.listProcedures.dita.pull
  [topicpull] Processing C:\sequoiadb\misc\dita2troff\DITA-OT1.8.4\temp\temp20140417143704171\db.removeProcedure.dita to C:\sequoiadb\misc\dita2troff\DITA-OT1.8.4\temp\temp20140417143704171\db.removeProcedure.dita.pull
  [move] Moving 3 files to C:\sequoiadb\misc\dita2troff\DITA-OT1.8.4\temp\temp20140417143704171
Add flagging information to topics...
Preprocessing ended...
Build troff output from dita inner and outer topics,which will adjust the directory....
Build troff output from inner dita topics...
  [xslt] Transforming into C:\sequoiadb\misc\dita2troff\DITA-OT1.8.4\temp\temp20140417143704171
  [xslt] Processing C:\sequoiadb\misc\dita2troff\DITA-OT1.8.4\temp\temp20140417143704171\db.createProcedure.dita to C:\sequoiadb\misc\dita2troff\DITA-OT1.8.4\temp\temp20140417143704171\db.createProcedure.dita.tr1
  [xslt] Loading stylesheet C:\sequoiadb\misc\dita2troff\DITA-OT1.8.4\plugins\org.dita.troff\xsl\dita2troff-step1-shell.xsl
  [xslt] Processing C:\sequoiadb\misc\dita2troff\DITA-OT1.8.4\temp\temp20140417143704171\db.listProcedures.dita to C:\sequoiadb\misc\dita2troff\DITA-OT1.8.4\temp\temp20140417143704171\db.listProcedures.dita.tr1
  [xslt] Processing C:\sequoiadb\misc\dita2troff\DITA-OT1.8.4\temp\temp20140417143704171\db.removeProcedure.dita to C:\sequoiadb\misc\dita2troff\DITA-OT1.8.4\temp\temp20140417143704171\db.removeProcedure.dita.tr1
  [move] Moving 3 files to C:\sequoiadb\misc\dita2troff\DITA-OT1.8.4\temp\temp20140417143704171
  [echo] the ditmapoutputdir is C:\sequoiadb\doc\manual
  [xslt] Transforming into C:\sequoiadb\doc\manual
  [xslt] Processing C:\sequoiadb\misc\dita2troff\DITA-OT1.8.4\temp\temp20140417143704171\db.createProcedure.dita to C:\sequoiadb\doc\manual\db.createProcedure.cli
  [xslt] Loading stylesheet C:\sequoiadb\misc\dita2troff\DITA-OT1.8.4\plugins\org.dita.troff\xsl\dita2troff-step2-shell.xsl
  [xslt] Processing C:\sequoiadb\misc\dita2troff\DITA-OT1.8.4\temp\temp20140417143704171\db.listProcedures.dita to C:\sequoiadb\doc\manual\db.listProcedures.cli
  [xslt] Processing C:\sequoiadb\misc\dita2troff\DITA-OT1.8.4\temp\temp20140417143704171\db.removeProcedure.dita to C:\sequoiadb\doc\manual\db.removeProcedure.cli
Build troff output from outer dita topics...
Clean temp directory...
Processing ended.

BUILD SUCCESSFUL
Number of Fatals : 0
Number of Errors : 0
Number of Warnings : 0

Total time: 9 seconds
